2014-02-21 23:09:27,534 INFO c.a.s.ServerMain [main] ==> AUTOMATE SERVER START

2014-02-21 23:09:27,541 INFO c.a.s.ServerMain [main] Starting server with properties file config/config.properties
2014-02-21 23:09:27,566 ERROR c.a.s.ServerMain [main] Failed to initialize server.
com.automate.server.InitializationException: java.sql.SQLException: No suitable driver found for jdbc:mysql://localhost:3306/
	at com.automate.server.AutomateServer.connectToDbms(AutomateServer.java:289) ~[bin/:?]
	at com.automate.server.AutomateServer.initSubsystems(AutomateServer.java:267) ~[bin/:?]
	at com.automate.server.ServerMain.startServerFromPropertiesFile(ServerMain.java:70) [bin/:?]
	at com.automate.server.ServerMain.main(ServerMain.java:45) [bin/:?]
Caused by: java.sql.SQLException: No suitable driver found for jdbc:mysql://localhost:3306/
	at java.sql.DriverManager.getConnection(Unknown Source) ~[?:1.6.0_34]
	at java.sql.DriverManager.getConnection(Unknown Source) ~[?:1.6.0_34]
	at com.automate.server.database.DbmsConnection.createConnection(DbmsConnection.java:132) ~[bin/:?]
	at com.automate.server.AutomateServer.connectToDbms(AutomateServer.java:287) ~[bin/:?]
	... 3 more
2014-02-21 23:09:27,579 INFO c.a.s.ServerMain [main] <== AUTOMATE SERVER END



2014-02-21 23:10:03,501 INFO c.a.s.ServerMain [main] ==> AUTOMATE SERVER START

2014-02-21 23:10:03,508 INFO c.a.s.ServerMain [main] Starting server with properties file config/config.properties
2014-02-21 23:10:03,533 ERROR c.a.s.ServerMain [main] Failed to initialize server.
com.automate.server.InitializationException: java.sql.SQLException: No suitable driver found for jdbc:mysql://localhost:3306/
	at com.automate.server.AutomateServer.connectToDbms(AutomateServer.java:289) ~[bin/:?]
	at com.automate.server.AutomateServer.initSubsystems(AutomateServer.java:267) ~[bin/:?]
	at com.automate.server.ServerMain.startServerFromPropertiesFile(ServerMain.java:70) [bin/:?]
	at com.automate.server.ServerMain.main(ServerMain.java:45) [bin/:?]
Caused by: java.sql.SQLException: No suitable driver found for jdbc:mysql://localhost:3306/
	at java.sql.DriverManager.getConnection(Unknown Source) ~[?:1.6.0_34]
	at java.sql.DriverManager.getConnection(Unknown Source) ~[?:1.6.0_34]
	at com.automate.server.database.DbmsConnection.createConnection(DbmsConnection.java:132) ~[bin/:?]
	at com.automate.server.AutomateServer.connectToDbms(AutomateServer.java:287) ~[bin/:?]
	... 3 more
2014-02-21 23:10:03,545 INFO c.a.s.ServerMain [main] <== AUTOMATE SERVER END



2014-02-21 23:11:21,583 INFO c.a.s.ServerMain [main] ==> AUTOMATE SERVER START

2014-02-21 23:11:21,591 INFO c.a.s.ServerMain [main] Starting server with properties file config/config.properties
2014-02-21 23:11:21,600 ERROR c.a.s.ServerMain [main] Failed to initialize server.
java.lang.IllegalStateException: Must set server properties before initializing!
	at com.automate.server.AutomateServer.initSubsystems(AutomateServer.java:262) ~[bin/:?]
	at com.automate.server.ServerMain.startServerFromPropertiesFile(ServerMain.java:70) [bin/:?]
	at com.automate.server.ServerMain.main(ServerMain.java:45) [bin/:?]
2014-02-21 23:11:21,606 INFO c.a.s.ServerMain [main] <== AUTOMATE SERVER END



2014-02-21 23:14:43,288 INFO c.a.s.ServerMain [main] ==> AUTOMATE SERVER START

2014-02-21 23:14:43,295 INFO c.a.s.ServerMain [main] Starting server with properties file config/config.properties
2014-02-21 23:14:43,314 INFO c.a.s.AutomateServer [main] Attempting to connect to dbms...
2014-02-21 23:14:43,322 ERROR c.a.s.ServerMain [main] Failed to initialize server.
com.automate.server.InitializationException: java.sql.SQLException: No suitable driver found for jdbc:mysql://localhost:3306/
	at com.automate.server.AutomateServer.connectToDbms(AutomateServer.java:301) ~[bin/:?]
	at com.automate.server.AutomateServer.initSubsystems(AutomateServer.java:271) ~[bin/:?]
	at com.automate.server.ServerMain.startServerFromPropertiesFile(ServerMain.java:70) [bin/:?]
	at com.automate.server.ServerMain.main(ServerMain.java:45) [bin/:?]
Caused by: java.sql.SQLException: No suitable driver found for jdbc:mysql://localhost:3306/
	at java.sql.DriverManager.getConnection(Unknown Source) ~[?:1.6.0_34]
	at java.sql.DriverManager.getConnection(Unknown Source) ~[?:1.6.0_34]
	at com.automate.server.database.DbmsConnection.createConnection(DbmsConnection.java:132) ~[bin/:?]
	at com.automate.server.AutomateServer.connectToDbms(AutomateServer.java:299) ~[bin/:?]
	... 3 more
2014-02-21 23:14:43,335 INFO c.a.s.ServerMain [main] <== AUTOMATE SERVER END



2014-02-21 23:18:19,369 INFO c.a.s.ServerMain [main] ==> AUTOMATE SERVER START

2014-02-21 23:18:19,377 INFO c.a.s.ServerMain [main] Starting server with properties file config/config.properties
2014-02-21 23:18:19,402 INFO c.a.s.AutomateServer [main] Attempting to connect to dbms...
2014-02-21 23:18:19,411 ERROR c.a.s.ServerMain [main] Failed to initialize server.
com.automate.server.InitializationException: java.sql.SQLException: No suitable driver found for jdbc:mysql://localhost:3306/
	at com.automate.server.AutomateServer.connectToDbms(AutomateServer.java:302) ~[bin/:?]
	at com.automate.server.AutomateServer.initSubsystems(AutomateServer.java:271) ~[bin/:?]
	at com.automate.server.ServerMain.startServerFromPropertiesFile(ServerMain.java:70) [bin/:?]
	at com.automate.server.ServerMain.main(ServerMain.java:45) [bin/:?]
Caused by: java.sql.SQLException: No suitable driver found for jdbc:mysql://localhost:3306/
	at java.sql.DriverManager.getConnection(Unknown Source) ~[?:1.6.0_34]
	at java.sql.DriverManager.getConnection(Unknown Source) ~[?:1.6.0_34]
	at com.automate.server.database.DbmsConnection.createConnection(DbmsConnection.java:132) ~[bin/:?]
	at com.automate.server.AutomateServer.connectToDbms(AutomateServer.java:300) ~[bin/:?]
	... 3 more
2014-02-21 23:18:19,427 INFO c.a.s.ServerMain [main] <== AUTOMATE SERVER END



2014-02-21 23:32:09,807 INFO c.a.s.ServerMain [main] ==> AUTOMATE SERVER START

2014-02-21 23:32:09,811 INFO c.a.s.ServerMain [main] Starting server with properties file config/config.properties
2014-02-21 23:32:09,825 INFO c.a.s.AutomateServer [main] Attempting to connect to dbms...
2014-02-21 23:32:09,831 ERROR c.a.s.ServerMain [main] Failed to initialize server.
com.automate.server.InitializationException: java.sql.SQLException: No suitable driver found for jdbc:mysql://localhost:3306/
	at com.automate.server.AutomateServer.connectToDbms(AutomateServer.java:302) ~[bin/:?]
	at com.automate.server.AutomateServer.initSubsystems(AutomateServer.java:271) ~[bin/:?]
	at com.automate.server.ServerMain.startServerFromPropertiesFile(ServerMain.java:70) [bin/:?]
	at com.automate.server.ServerMain.main(ServerMain.java:45) [bin/:?]
Caused by: java.sql.SQLException: No suitable driver found for jdbc:mysql://localhost:3306/
	at java.sql.DriverManager.getConnection(Unknown Source) ~[?:1.6.0_34]
	at java.sql.DriverManager.getConnection(Unknown Source) ~[?:1.6.0_34]
	at com.automate.server.database.DbmsConnection.createConnection(DbmsConnection.java:132) ~[bin/:?]
	at com.automate.server.AutomateServer.connectToDbms(AutomateServer.java:300) ~[bin/:?]
	... 3 more
